2015-06-10 09:34:00,064 [10] INFO : Start listen socket 172.16.6.113:10000 success
2015-06-10 09:34:24,639 [10] ERROR: 开始发送数据
2015-06-10 09:34:24,652 [19] ERROR: Socket: 100,发送一次循环时间/毫秒:9.0038,
2015-06-10 09:34:24,793 [18] ERROR: 消息全部接收完成100, 发送花费时间/毫秒9.0038， 接收花费时间/毫秒142.096
2015-06-10 09:34:26,551 [10] ERROR: 开始发送数据
2015-06-10 09:34:26,559 [18] ERROR: Socket: 100,发送一次循环时间/毫秒:6.0031,
2015-06-10 09:34:30,109 [10] ERROR: 收到消息个数：100
2015-06-10 09:35:24,037 [9] INFO : Start listen socket 172.16.6.113:10000 success
2015-06-10 09:35:56,805 [9] ERROR: 开始发送数据
2015-06-10 09:35:56,829 [19] ERROR: Socket: 100,发送一次循环时间/毫秒:18.012,
2015-06-10 09:36:19,315 [18] ERROR: 消息全部接收完成100, 发送花费时间/毫秒18.012， 接收花费时间/毫秒22481.9658
2015-06-10 09:36:47,744 [10] INFO : Start listen socket 172.16.6.113:10000 success
2015-06-10 09:37:00,238 [10] ERROR: 开始发送数据
2015-06-10 09:37:00,251 [19] ERROR: Socket: 100,发送一次循环时间/毫秒:10.0023,
2015-06-10 09:37:00,414 [6] ERROR: 消息全部接收完成100, 发送花费时间/毫秒10.0023， 接收花费时间/毫秒162.1079
2015-06-10 09:37:03,140 [10] ERROR: 开始发送数据
2015-06-10 09:37:03,147 [19] ERROR: Socket: 100,发送一次循环时间/毫秒:5.0021,
2015-06-10 09:37:07,339 [10] ERROR: 开始发送数据
2015-06-10 09:37:07,345 [6] ERROR: Socket: 100,发送一次循环时间/毫秒:5.0036,
2015-06-10 09:38:27,818 [10] INFO : Start listen socket 172.16.6.113:10000 success
2015-06-10 09:38:27,923 [18] ERROR: 消息全部接收完成0, 发送花费时间/毫秒0， 接收花费时间/毫秒63569525907921.4
2015-06-10 09:38:32,109 [10] ERROR: 开始发送数据
2015-06-10 09:38:32,120 [18] ERROR: Socket: 100,发送一次循环时间/毫秒:8.0087,
2015-06-10 09:39:48,138 [9] INFO : Start listen socket 172.16.6.113:10000 success
2015-06-10 09:39:53,788 [9] ERROR: 开始发送数据
2015-06-10 09:39:53,809 [20] ERROR: Socket: 100,发送一次循环时间/毫秒:8.0043,
2015-06-10 09:39:54,001 [19] ERROR: 消息全部接收完成100, 发送花费时间/毫秒8.0043， 接收花费时间/毫秒193.1293
2015-06-10 09:39:59,243 [9] ERROR: 开始发送数据
2015-06-10 09:39:59,255 [20] ERROR: Socket: 100,发送一次循环时间/毫秒:9.0052,
2015-06-10 09:39:59,599 [19] ERROR: 消息全部接收完成100, 发送花费时间/毫秒9.0052， 接收花费时间/毫秒344.2399
2015-06-10 09:44:22,928 [1] INFO : Start listen socket 172.16.6.113:10000 success
